mode: set
github.com/GGGxie/dataStructure/algorithm/sort/sort.go:7.24,9.2 0 0
github.com/GGGxie/dataStructure/algorithm/sort/sort.go:38.29,43.53 2 0
github.com/GGGxie/dataStructure/algorithm/sort/sort.go:43.53,46.35 3 0
github.com/GGGxie/dataStructure/algorithm/sort/sort.go:46.35,47.30 1 0
github.com/GGGxie/dataStructure/algorithm/sort/sort.go:47.30,50.5 2 0
github.com/GGGxie/dataStructure/algorithm/sort/sort.go:52.3,53.21 2 0
github.com/GGGxie/dataStructure/algorithm/sort/sort.go:55.2,55.50 1 0
github.com/GGGxie/dataStructure/algorithm/sort/sort.go:55.50,56.19 1 0
github.com/GGGxie/dataStructure/algorithm/sort/sort.go:56.19,61.4 3 0
github.com/GGGxie/dataStructure/algorithm/sort/sort.go:63.2,64.32 2 0
github.com/GGGxie/dataStructure/algorithm/sort/sort.go:69.33,71.16 2 0
github.com/GGGxie/dataStructure/algorithm/sort/sort.go:71.16,73.3 1 0
github.com/GGGxie/dataStructure/algorithm/sort/sort.go:74.2,77.49 4 0
github.com/GGGxie/dataStructure/algorithm/sort/sort.go:81.43,85.51 4 0
github.com/GGGxie/dataStructure/algorithm/sort/sort.go:85.51,86.43 1 0
github.com/GGGxie/dataStructure/algorithm/sort/sort.go:86.43,89.4 2 0
github.com/GGGxie/dataStructure/algorithm/sort/sort.go:89.9,92.4 2 0
github.com/GGGxie/dataStructure/algorithm/sort/sort.go:94.2,94.26 1 0
github.com/GGGxie/dataStructure/algorithm/sort/sort.go:94.26,97.3 2 0
github.com/GGGxie/dataStructure/algorithm/sort/sort.go:98.2,98.28 1 0
github.com/GGGxie/dataStructure/algorithm/sort/sort.go:98.28,101.3 2 0
github.com/GGGxie/dataStructure/algorithm/sort/sort.go:102.2,102.15 1 0
github.com/GGGxie/dataStructure/algorithm/sort/sort.go:107.41,110.34 2 0
github.com/GGGxie/dataStructure/algorithm/sort/sort.go:110.34,112.3 1 0
github.com/GGGxie/dataStructure/algorithm/sort/sort.go:115.2,115.27 1 0
github.com/GGGxie/dataStructure/algorithm/sort/sort.go:115.27,117.3 1 0
github.com/GGGxie/dataStructure/algorithm/sort/sort.go:120.2,120.39 1 0
github.com/GGGxie/dataStructure/algorithm/sort/sort.go:120.39,124.3 2 0
github.com/GGGxie/dataStructure/algorithm/sort/sort.go:127.2,127.34 1 0
github.com/GGGxie/dataStructure/algorithm/sort/sort.go:127.34,129.3 1 0
github.com/GGGxie/dataStructure/main.go:16.34,17.19 1 1
github.com/GGGxie/dataStructure/main.go:17.19,18.28 1 1
github.com/GGGxie/dataStructure/main.go:18.28,20.4 1 1
github.com/GGGxie/dataStructure/main.go:22.2,22.13 1 1
github.com/GGGxie/dataStructure/main.go:25.29,27.12 2 0
github.com/GGGxie/dataStructure/main.go:27.12,27.43 1 0
github.com/GGGxie/dataStructure/main.go:28.2,28.12 1 0
github.com/GGGxie/dataStructure/main.go:28.12,28.45 1 0
github.com/GGGxie/dataStructure/main.go:29.2,29.12 1 0
github.com/GGGxie/dataStructure/main.go:29.12,29.47 1 0
github.com/GGGxie/dataStructure/main.go:30.2,32.10 3 0
github.com/GGGxie/dataStructure/main.go:38.18,40.2 1 0
github.com/GGGxie/dataStructure/main.go:43.36,46.2 2 0
github.com/GGGxie/dataStructure/main.go:47.13,50.2 2 0
github.com/GGGxie/dataStructure/main.go:52.45,53.45 1 0
github.com/GGGxie/dataStructure/main.go:53.45,55.3 1 0
github.com/GGGxie/dataStructure/datastructure/set/set.go:11.35,14.2 2 0
github.com/GGGxie/dataStructure/datastructure/set/set.go:17.30,19.2 1 0
github.com/GGGxie/dataStructure/datastructure/set/set.go:22.33,24.2 1 0
github.com/GGGxie/dataStructure/datastructure/set/set.go:27.22,28.22 1 0
github.com/GGGxie/dataStructure/datastructure/set/set.go:28.22,30.3 1 0
github.com/GGGxie/dataStructure/datastructure/set/set.go:32.13,39.2 6 0
github.com/GGGxie/dataStructure/design_patterns/behavioral/chain/chain.go:17.74,19.2 1 1
github.com/GGGxie/dataStructure/design_patterns/behavioral/chain/chain.go:22.64,23.35 1 1
github.com/GGGxie/dataStructure/design_patterns/behavioral/chain/chain.go:23.35,25.29 1 1
github.com/GGGxie/dataStructure/design_patterns/behavioral/chain/chain.go:25.29,27.4 1 1
github.com/GGGxie/dataStructure/design_patterns/behavioral/chain/chain.go:29.2,29.14 1 1
github.com/GGGxie/dataStructure/design_patterns/behavioral/chain/chain.go:36.61,39.2 1 1
github.com/GGGxie/dataStructure/design_patterns/behavioral/chain/chain.go:45.59,48.2 1 1
github.com/GGGxie/dataStructure/design_patterns/behavioral/interpreter/interpreter.go:23.52,26.2 2 1
github.com/GGGxie/dataStructure/design_patterns/behavioral/interpreter/interpreter.go:29.61,31.2 1 1
github.com/GGGxie/dataStructure/design_patterns/behavioral/interpreter/interpreter.go:45.69,47.9 2 1
github.com/GGGxie/dataStructure/design_patterns/behavioral/interpreter/interpreter.go:47.9,49.3 1 0
github.com/GGGxie/dataStructure/design_patterns/behavioral/interpreter/interpreter.go:50.2,50.20 1 1
github.com/GGGxie/dataStructure/design_patterns/behavioral/interpreter/interpreter.go:54.67,56.38 2 1
github.com/GGGxie/dataStructure/design_patterns/behavioral/interpreter/interpreter.go:56.38,58.3 1 0
github.com/GGGxie/dataStructure/design_patterns/behavioral/interpreter/interpreter.go:60.2,61.16 2 1
github.com/GGGxie/dataStructure/design_patterns/behavioral/interpreter/interpreter.go:61.16,63.3 1 0
github.com/GGGxie/dataStructure/design_patterns/behavioral/interpreter/interpreter.go:65.2,68.8 1 1
github.com/GGGxie/dataStructure/design_patterns/behavioral/interpreter/interpreter.go:78.66,80.9 2 1
github.com/GGGxie/dataStructure/design_patterns/behavioral/interpreter/interpreter.go:80.9,82.3 1 0
github.com/GGGxie/dataStructure/design_patterns/behavioral/interpreter/interpreter.go:83.2,83.20 1 1
github.com/GGGxie/dataStructure/design_patterns/behavioral/interpreter/interpreter.go:87.61,89.38 2 1
github.com/GGGxie/dataStructure/design_patterns/behavioral/interpreter/interpreter.go:89.38,91.3 1 0
github.com/GGGxie/dataStructure/design_patterns/behavioral/interpreter/interpreter.go:93.2,94.16 2 1
github.com/GGGxie/dataStructure/design_patterns/behavioral/interpreter/interpreter.go:94.16,96.3 1 0
github.com/GGGxie/dataStructure/design_patterns/behavioral/interpreter/interpreter.go:98.2,101.8 1 1
github.com/GGGxie/dataStructure/design_patterns/behavioral/interpreter/interpreter.go:110.65,111.43 1 1
github.com/GGGxie/dataStructure/design_patterns/behavioral/interpreter/interpreter.go:111.43,112.35 1 1
github.com/GGGxie/dataStructure/design_patterns/behavioral/interpreter/interpreter.go:112.35,114.4 1 1
github.com/GGGxie/dataStructure/design_patterns/behavioral/interpreter/interpreter.go:116.2,116.13 1 1
github.com/GGGxie/dataStructure/design_patterns/behavioral/interpreter/interpreter.go:120.59,124.25 3 1
github.com/GGGxie/dataStructure/design_patterns/behavioral/interpreter/interpreter.go:124.25,128.10 3 1
github.com/GGGxie/dataStructure/design_patterns/behavioral/interpreter/interpreter.go:129.33,130.45 1 1
github.com/GGGxie/dataStructure/design_patterns/behavioral/interpreter/interpreter.go:131.33,132.42 1 1
github.com/GGGxie/dataStructure/design_patterns/behavioral/interpreter/interpreter.go:133.11,134.47 1 0
github.com/GGGxie/dataStructure/design_patterns/behavioral/interpreter/interpreter.go:137.3,137.17 1 1
github.com/GGGxie/dataStructure/design_patterns/behavioral/interpreter/interpreter.go:137.17,139.4 1 0
github.com/GGGxie/dataStructure/design_patterns/behavioral/interpreter/interpreter.go:141.3,141.30 1 1
github.com/GGGxie/dataStructure/design_patterns/behavioral/interpreter/interpreter.go:144.2,144.54 1 1
github.com/GGGxie/dataStructure/design_patterns/behavioral/iterator/iterator.go:15.39,20.2 1 1
github.com/GGGxie/dataStructure/design_patterns/behavioral/iterator/iterator.go:29.46,31.2 1 1
github.com/GGGxie/dataStructure/design_patterns/behavioral/iterator/iterator.go:34.38,36.2 1 1
github.com/GGGxie/dataStructure/design_patterns/behavioral/iterator/iterator.go:39.57,41.2 1 1
github.com/GGGxie/dataStructure/design_patterns/behavioral/mediator/mediator.go:19.32,21.2 1 1
github.com/GGGxie/dataStructure/design_patterns/behavioral/mediator/mediator.go:27.38,29.2 1 1
github.com/GGGxie/dataStructure/design_patterns/behavioral/mediator/mediator.go:37.39,39.2 1 0
github.com/GGGxie/dataStructure/design_patterns/behavioral/mediator/mediator.go:57.53,58.9 1 1
github.com/GGGxie/dataStructure/design_patterns/behavioral/mediator/mediator.go:59.49,60.41 1 1
github.com/GGGxie/dataStructure/design_patterns/behavioral/mediator/mediator.go:60.41,64.4 3 1
github.com/GGGxie/dataStructure/design_patterns/behavioral/mediator/mediator.go:64.9,64.48 1 1
github.com/GGGxie/dataStructure/design_patterns/behavioral/mediator/mediator.go:64.48,69.4 4 1
github.com/GGGxie/dataStructure/design_patterns/behavioral/memento/memento.go:15.45,17.2 1 1
github.com/GGGxie/dataStructure/design_patterns/behavioral/memento/memento.go:20.39,22.2 1 1
github.com/GGGxie/dataStructure/design_patterns/behavioral/memento/memento.go:25.43,27.2 1 1
github.com/GGGxie/dataStructure/design_patterns/behavioral/memento/memento.go:30.43,32.2 1 1
github.com/GGGxie/dataStructure/design_patterns/behavioral/memento/memento.go:41.37,43.2 1 1
github.com/GGGxie/dataStructure/design_patterns/behavioral/observer/observer.go:26.50,28.2 1 1
github.com/GGGxie/dataStructure/design_patterns/behavioral/observer/observer.go:31.48,32.35 1 0
github.com/GGGxie/dataStructure/design_patterns/behavioral/observer/observer.go:32.35,33.21 1 0
github.com/GGGxie/dataStructure/design_patterns/behavioral/observer/observer.go:33.21,35.4 1 0
github.com/GGGxie/dataStructure/design_patterns/behavioral/observer/observer.go:40.40,41.34 1 1
github.com/GGGxie/dataStructure/design_patterns/behavioral/observer/observer.go:41.34,43.3 1 1
github.com/GGGxie/dataStructure/design_patterns/behavioral/observer/observer.go:50.37,52.2 1 1
github.com/GGGxie/dataStructure/design_patterns/behavioral/observer/observer.go:58.37,60.2 1 1
github.com/GGGxie/dataStructure/design_patterns/behavioral/state/state.go:19.42,21.2 1 1
github.com/GGGxie/dataStructure/design_patterns/behavioral/state/state.go:24.41,26.2 1 1
github.com/GGGxie/dataStructure/design_patterns/behavioral/state/state.go:28.30,30.2 1 1
github.com/GGGxie/dataStructure/design_patterns/behavioral/state/state.go:32.28,34.2 1 1
github.com/GGGxie/dataStructure/design_patterns/behavioral/state/state.go:51.48,54.2 2 1
github.com/GGGxie/dataStructure/design_patterns/behavioral/state/state.go:57.44,59.2 1 1
github.com/GGGxie/dataStructure/design_patterns/behavioral/state/state.go:62.47,62.48 0 0
github.com/GGGxie/dataStructure/design_patterns/behavioral/state/state.go:64.37,66.2 1 1
github.com/GGGxie/dataStructure/design_patterns/behavioral/state/state.go:73.51,76.2 2 1
github.com/GGGxie/dataStructure/design_patterns/behavioral/state/state.go:79.49,81.2 1 1
github.com/GGGxie/dataStructure/design_patterns/behavioral/state/state.go:84.47,86.2 1 1
github.com/GGGxie/dataStructure/design_patterns/behavioral/state/state.go:89.38,91.2 1 1
github.com/GGGxie/dataStructure/design_patterns/behavioral/strategy/strategy.go:24.60,26.9 2 1
github.com/GGGxie/dataStructure/design_patterns/behavioral/strategy/strategy.go:26.9,28.3 1 0
github.com/GGGxie/dataStructure/design_patterns/behavioral/strategy/strategy.go:30.2,30.15 1 1
github.com/GGGxie/dataStructure/design_patterns/behavioral/strategy/strategy.go:37.60,39.2 1 1
github.com/GGGxie/dataStructure/design_patterns/behavioral/strategy/strategy.go:45.67,48.16 2 0
github.com/GGGxie/dataStructure/design_patterns/behavioral/strategy/strategy.go:48.16,50.3 1 0
github.com/GGGxie/dataStructure/design_patterns/behavioral/strategy/strategy.go:52.2,52.52 1 0
github.com/GGGxie/dataStructure/design_patterns/behavioral/strategy/strategy.go:55.43,58.2 1 0
github.com/GGGxie/dataStructure/design_patterns/behavioral/template/template.go:19.24,21.2 1 1
github.com/GGGxie/dataStructure/design_patterns/behavioral/template/template.go:23.24,25.2 1 1
github.com/GGGxie/dataStructure/design_patterns/behavioral/template/template.go:28.26,29.2 0 0
github.com/GGGxie/dataStructure/design_patterns/behavioral/template/template.go:31.27,33.2 1 1
github.com/GGGxie/dataStructure/design_patterns/behavioral/template/template.go:35.25,37.2 1 1
github.com/GGGxie/dataStructure/design_patterns/behavioral/template/template.go:40.26,46.2 5 1
github.com/GGGxie/dataStructure/design_patterns/behavioral/template/template.go:52.27,54.2 1 1
github.com/GGGxie/dataStructure/design_patterns/behavioral/template/template.go:60.26,62.2 1 1
github.com/GGGxie/dataStructure/design_patterns/creational/builder/builder.go:31.105,32.16 1 1
github.com/GGGxie/dataStructure/design_patterns/creational/builder/builder.go:32.16,34.3 1 1
github.com/GGGxie/dataStructure/design_patterns/creational/builder/builder.go:36.2,42.27 2 1
github.com/GGGxie/dataStructure/design_patterns/creational/builder/builder.go:42.27,44.3 1 1
github.com/GGGxie/dataStructure/design_patterns/creational/builder/builder.go:46.2,46.69 1 1
github.com/GGGxie/dataStructure/design_patterns/creational/builder/builder.go:46.69,48.3 1 0
github.com/GGGxie/dataStructure/design_patterns/creational/builder/builder.go:50.2,50.73 1 1
github.com/GGGxie/dataStructure/design_patterns/creational/builder/builder.go:50.73,52.3 1 0
github.com/GGGxie/dataStructure/design_patterns/creational/builder/builder.go:54.2,59.8 1 1
github.com/GGGxie/dataStructure/design_patterns/structured/adapter/adapter.go:16.57,19.2 2 1
github.com/GGGxie/dataStructure/design_patterns/structured/adapter/adapter.go:28.65,31.2 2 1
github.com/GGGxie/dataStructure/design_patterns/structured/adapter/adapter.go:37.57,40.2 2 1
github.com/GGGxie/dataStructure/design_patterns/structured/adapter/adapter.go:49.68,52.2 2 1
github.com/GGGxie/dataStructure/design_patterns/structured/bridge/bridge.go:20.57,22.2 1 1
github.com/GGGxie/dataStructure/design_patterns/structured/bridge/bridge.go:25.49,29.2 2 1
github.com/GGGxie/dataStructure/design_patterns/structured/bridge/bridge.go:37.54,39.2 1 1
github.com/GGGxie/dataStructure/design_patterns/structured/bridge/bridge.go:42.49,46.2 2 1
github.com/GGGxie/dataStructure/design_patterns/structured/bridge/bridge.go:60.65,62.2 1 1
github.com/GGGxie/dataStructure/design_patterns/structured/bridge/bridge.go:65.54,67.2 1 1
github.com/GGGxie/dataStructure/design_patterns/structured/composite/composite.go:22.29,24.2 1 1
github.com/GGGxie/dataStructure/design_patterns/structured/composite/composite.go:34.33,36.41 2 1
github.com/GGGxie/dataStructure/design_patterns/structured/composite/composite.go:36.41,38.3 1 1
github.com/GGGxie/dataStructure/design_patterns/structured/composite/composite.go:39.2,39.10 1 1
github.com/GGGxie/dataStructure/design_patterns/structured/composite/composite.go:43.48,45.2 1 1
github.com/GGGxie/dataStructure/design_patterns/structured/composite/composite.go:48.38,50.26 2 1
github.com/GGGxie/dataStructure/design_patterns/structured/composite/composite.go:50.26,53.3 2 1
github.com/GGGxie/dataStructure/design_patterns/structured/composite/composite.go:54.2,54.13 1 1
github.com/GGGxie/dataStructure/design_patterns/structured/decorator/decorator.go:15.31,17.2 1 1
github.com/GGGxie/dataStructure/design_patterns/structured/decorator/decorator.go:26.61,28.2 1 1
github.com/GGGxie/dataStructure/design_patterns/structured/decorator/decorator.go:31.36,33.2 1 1
github.com/GGGxie/dataStructure/design_patterns/structured/facade/facade.go:31.64,34.2 1 1
github.com/GGGxie/dataStructure/design_patterns/structured/facade/facade.go:37.67,41.2 1 1
github.com/GGGxie/dataStructure/design_patterns/structured/facade/facade.go:45.74,47.16 2 1
github.com/GGGxie/dataStructure/design_patterns/structured/facade/facade.go:47.16,49.3 1 0
github.com/GGGxie/dataStructure/design_patterns/structured/facade/facade.go:51.2,51.17 1 1
github.com/GGGxie/dataStructure/design_patterns/structured/facade/facade.go:51.17,53.3 1 1
github.com/GGGxie/dataStructure/design_patterns/structured/facade/facade.go:55.2,55.32 1 0
github.com/GGGxie/dataStructure/design_patterns/structured/flyweight/flyweight.go:32.48,34.2 1 1
github.com/GGGxie/dataStructure/design_patterns/structured/flyweight/flyweight.go:49.34,51.24 2 1
github.com/GGGxie/dataStructure/design_patterns/structured/flyweight/flyweight.go:51.24,57.3 1 1
github.com/GGGxie/dataStructure/design_patterns/structured/flyweight/flyweight.go:58.2,58.14 1 1
github.com/GGGxie/dataStructure/design_patterns/structured/flyweight/flyweight.go:62.41,65.2 2 1
github.com/GGGxie/dataStructure/design_patterns/structured/proxy/proxy.go:24.55,27.2 1 1
github.com/GGGxie/dataStructure/design_patterns/structured/proxy/proxy.go:35.42,39.2 1 1
github.com/GGGxie/dataStructure/design_patterns/structured/proxy/proxy.go:42.60,47.57 2 1
github.com/GGGxie/dataStructure/design_patterns/structured/proxy/proxy.go:47.57,49.3 1 0
github.com/GGGxie/dataStructure/design_patterns/structured/proxy/proxy.go:52.2,54.12 2 1
github.com/GGGxie/dataStructure/design_patterns/behavioral/command/command.go:23.83,25.2 1 1
github.com/GGGxie/dataStructure/design_patterns/behavioral/command/command.go:28.40,31.2 2 1
github.com/GGGxie/dataStructure/design_patterns/behavioral/command/command.go:37.87,39.2 1 1
github.com/GGGxie/dataStructure/design_patterns/behavioral/command/command.go:42.42,45.2 2 1
github.com/GGGxie/dataStructure/design_patterns/behavioral/command/command.go:48.36,51.2 2 0
